sending incremental file list
components.json
jest.config.js
jest.setup.js
middleware.ts
next-env.d.ts
next.config.js
package.json
postcss.config.js
tailwind.config.ts
tsconfig.json
__tests__/
__tests__/components/
__tests__/components/error-boundary.test.tsx
__tests__/lib/
__tests__/lib/ai-router.test.ts
__tests__/lib/auth.test.ts
__tests__/lib/rate-limit.test.ts
__tests__/lib/validation.test.ts
app/
app/globals.css
app/layout.tsx
app/page.tsx
app/api/
app/api/auth/
app/api/auth/login/
app/api/auth/login/route.ts
app/api/auth/logout/
app/api/auth/logout/route.ts
app/api/auth/register/
app/api/auth/register/route.ts
app/api/chat/
app/api/chat/route.ts
app/api/chat/agent-request/
app/api/chat/agent-request/route.ts
app/api/seed/
app/api/seed/route.ts
app/chat/
app/chat/page.tsx
app/dashboard/
app/dashboard/page.tsx
app/dashboard/admin/
app/dashboard/admin/page.tsx
app/login/
app/login/page.tsx
app/register/
app/register/page.tsx
components/
components/error-boundary.tsx
components/theme-provider.tsx
components/admin/
components/admin/admin-dashboard.tsx
components/chat/
components/chat/chat-interface.tsx
components/dashboard/
components/dashboard/dashboard-layout.tsx
components/dashboard/dashboard-overview.tsx
components/ui/
components/ui/accordion.tsx
components/ui/alert-dialog.tsx
components/ui/alert.tsx
components/ui/aspect-ratio.tsx
components/ui/avatar.tsx
components/ui/badge.tsx
components/ui/breadcrumb.tsx
components/ui/button.tsx
components/ui/calendar.tsx
components/ui/card.tsx
components/ui/carousel.tsx
components/ui/checkbox.tsx
components/ui/collapsible.tsx
components/ui/command.tsx
components/ui/context-menu.tsx
components/ui/date-range-picker.tsx
components/ui/dialog.tsx
components/ui/drawer.tsx
components/ui/dropdown-menu.tsx
components/ui/form.tsx
components/ui/hover-card.tsx
components/ui/input-otp.tsx
components/ui/input.tsx
components/ui/label.tsx
components/ui/loading-spinner.tsx
components/ui/menubar.tsx
components/ui/mobile-nav.tsx
components/ui/navigation-menu.tsx
components/ui/pagination.tsx
components/ui/popover.tsx
components/ui/progress.tsx
components/ui/radio-group.tsx
components/ui/resizable.tsx
components/ui/responsive-container.tsx
components/ui/scroll-area.tsx
components/ui/select.tsx
components/ui/separator.tsx
components/ui/sheet.tsx
components/ui/skeleton.tsx
components/ui/slider.tsx
components/ui/sonner.tsx
components/ui/switch.tsx
components/ui/table.tsx
components/ui/tabs.tsx
components/ui/task-card.tsx
components/ui/textarea.tsx
components/ui/theme-toggle.tsx
components/ui/toast.tsx
components/ui/toaster.tsx
components/ui/toggle-group.tsx
components/ui/toggle.tsx
components/ui/tooltip.tsx
components/ui/use-toast.ts
hooks/
hooks/use-toast.ts
lib/
lib/ai-router.ts
lib/auth.ts
lib/db.ts
lib/ip-tracking.ts
lib/rate-limit.ts
lib/roles.ts
lib/theme.tsx
lib/types.ts
lib/utils.ts
lib/validation.ts
lib/db/
prisma/
prisma/schema.prisma

sent 381,506 bytes  received 2,060 bytes  767,132.00 bytes/sec
total size is 373,865  speedup is 0.97
Attention: Next.js now collects completely anonymous telemetry regarding usage.
This information is used to shape Next.js' roadmap and prioritize features.
You can learn more, including how to opt-out if you'd not like to participate in this anonymous program, by visiting the following URL:
https://nextjs.org/telemetry

  ▲ Next.js 14.2.28
  - Experiments (use with caution):
    · outputFileTracingRoot

   Creating an optimized production build ...
 ✓ Compiled successfully
   Skipping linting
   Checking validity of types ...
   Collecting page data ...
   Generating static pages (0/9) ...
   Generating static pages (2/9) 
   Generating static pages (4/9) 
   Generating static pages (6/9) 
 ✓ Generating static pages (9/9)
   Finalizing page optimization ...
   Collecting build traces ...

Route (app)                              Size     First Load JS
┌ ƒ /                                    175 B          96.1 kB
├ ○ /_not-found                          873 B          88.1 kB
├ ƒ /api/auth/login                      0 B                0 B
├ ƒ /api/auth/logout                     0 B                0 B
├ ƒ /api/auth/register                   0 B                0 B
├ ƒ /api/chat                            0 B                0 B
├ ƒ /api/chat/agent-request              0 B                0 B
├ ƒ /api/seed                            0 B                0 B
├ ƒ /chat                                19.1 kB         160 kB
├ ƒ /dashboard                           1.79 kB         142 kB
├ ƒ /dashboard/admin                     2.44 kB         143 kB
├ ○ /login                               4.28 kB         108 kB
└ ○ /register                            2.81 kB         107 kB
+ First Load JS shared by all            87.2 kB
  ├ chunks/117-99e3861b4d0850f8.js       31.6 kB
  ├ chunks/fd9d1056-0769db6cd1009e86.js  53.6 kB
  └ other shared chunks (total)          1.96 kB


ƒ Middleware                             52.5 kB

○  (Static)   prerendered as static content
ƒ  (Dynamic)  server-rendered on demand

