  ▲ Next.js 14.2.28
  - Local:        http://localhost:3000
  - Environments: .env
  - Experiments (use with caution):
    · outputFileTracingRoot

 ✓ Starting...
Attention: Next.js now collects completely anonymous telemetry regarding usage.
This information is used to shape Next.js' roadmap and prioritize features.
You can learn more, including how to opt-out if you'd not like to participate in this anonymous program, by visiting the following URL:
https://nextjs.org/telemetry

 ✓ Ready in 1357ms
 ✓ Compiled /middleware in 423ms (92 modules)
 ○ Compiling / ...
 ✓ Compiled / in 2.9s (605 modules)
 ✓ Compiled in 543ms (287 modules)
 GET / 200 in 3434ms
 ○ Compiling /register ...
 ✓ Compiled /register in 2.6s (628 modules)
 GET /login 200 in 2821ms
 GET /register 200 in 2825ms
 GET /register 200 in 41ms
 GET /login 200 in 44ms
 ✓ Compiled /api/seed in 177ms (363 modules)
 POST /api/seed 200 in 362ms
 GET / 200 in 94ms
 GET /register 200 in 34ms
 ✓ Compiled /api/auth/register in 144ms (365 modules)
 POST /api/auth/register 200 in 564ms
 ✓ Compiled /api/auth/login in 160ms (367 modules)
 POST /api/auth/login 200 in 527ms
 ✓ Compiled /api/chat in 155ms (369 modules)
 POST /api/chat 401 in 201ms
 ○ Compiling /dashboard ...
 ✓ Compiled /dashboard in 1162ms (823 modules)
 HEAD /dashboard 307 in 1283ms
 ✓ Compiled in 295ms (536 modules)
 ✓ Compiled in 215ms (524 modules)
 POST /api/auth/login 500 in 353ms
 ○ Compiling /_not-found ...
 ✓ Compiled /_not-found in 535ms (714 modules)
 POST /api/auth/login 404 in 691ms
 ✓ Compiled /api/seed in 115ms (343 modules)
 HEAD /api/seed 405 in 158ms
 POST /api/auth/login 404 in 43ms
[?25h
