  ▲ Next.js 14.2.28
  - Local:        http://localhost:3000
  - Environments: .env
  - Experiments (use with caution):
    · outputFileTracingRoot

 ✓ Starting...
 ✓ Ready in 1896ms
 ✓ Compiled /middleware in 437ms (92 modules)
 ○ Compiling / ...
 ✓ Compiled / in 2.7s (605 modules)
 GET / 200 in 3268ms
 ✓ Compiled in 518ms (287 modules)
 ○ Compiling /login ...
 ✓ Compiled /login in 2.1s (628 modules)
 GET /register 200 in 2259ms
 GET /login 200 in 2259ms
 GET /register 200 in 33ms
 GET /login 200 in 34ms
 ✓ Compiled /api/auth/login in 167ms (362 modules)
 POST /api/auth/login 200 in 663ms
 ✓ Compiled /api/chat in 133ms (364 modules)
 POST /api/chat 200 in 4949ms
 ○ Compiling /dashboard ...
 ✓ Compiled /dashboard in 1048ms (819 modules)
 HEAD /dashboard 200 in 1179ms
 GET /dashboard 307 in 44ms
 GET /login 200 in 38ms
 ✓ Compiled in 255ms (911 modules)
 ✓ Compiled in 791ms (673 modules)
[?25h
