  ▲ Next.js 14.2.28
  - Local:        http://localhost:3000
  - Environments: .env
  - Experiments (use with caution):
    · outputFileTracingRoot

 ✓ Starting...
 ✓ Ready in 1526ms
 ✓ Compiled /middleware in 198ms (92 modules)
 ○ Compiling / ...
 ✓ Compiled / in 1860ms (598 modules)
 GET / 200 in 2335ms
 ✓ Compiled in 517ms (287 modules)
 ○ Compiling /register ...
 ✓ Compiled /register in 763ms (628 modules)
 GET /register 200 in 931ms
 GET /login 200 in 940ms
 GET /register 200 in 37ms
 GET /login 200 in 43ms
 GET / 200 in 57ms
[?25h
