  ▲ Next.js 14.2.28
  - Local:        http://localhost:3000
  - Environments: .env
  - Experiments (use with caution):
    · outputFileTracingRoot

 ✓ Starting...
 ✓ Ready in 1591ms
 ✓ Compiled /middleware in 313ms (92 modules)
 ○ Compiling / ...
 ✓ Compiled / in 1856ms (598 modules)
 GET / 200 in 2032ms
 GET / 200 in 2360ms
 ✓ Compiled in 499ms (287 modules)
 GET / 200 in 38ms
 GET / 200 in 24ms
 GET / 200 in 28ms
 GET / 200 in 28ms
 ✓ Compiled /register in 392ms (620 modules)
 GET /register 200 in 527ms
 GET / 200 in 44ms
 GET / 200 in 28ms
 GET / 200 in 30ms
 GET / 200 in 30ms
 GET / 200 in 27ms
 GET / 200 in 27ms
 ✓ Compiled in 808ms (395 modules)
 ✓ Compiled in 494ms (390 modules)
 ✓ Compiled in 392ms (298 modules)
 ✓ Compiled in 729ms (390 modules)
 ✓ Compiled in 354ms (298 modules)
 ✓ Compiled in 415ms (298 modules)
 ✓ Compiled in 264ms (298 modules)
 ✓ Compiled in 260ms (298 modules)
 ✓ Compiled in 313ms (298 modules)
 ✓ Compiled in 375ms (298 modules)
[?25h
